{"/Users/yogiwisesa/Documents/dev/node-todo/config.js": {"path":"/Users/yogiwisesa/Documents/dev/node-todo/config.js","statementMap":{"0":{"start":{"line":1,"column":0},"end":{"line":1,"column":34}},"1":{"start":{"line":2,"column":14},"end":{"line":2,"column":30}},"2":{"start":{"line":3,"column":0},"end":{"line":3,"column":29}},"3":{"start":{"line":4,"column":0},"end":{"line":4,"column":32}},"4":{"start":{"line":5,"column":0},"end":{"line":5,"column":96}},"5":{"start":{"line":6,"column":0},"end":{"line":6,"column":43}},"6":{"start":{"line":8,"column":0},"end":{"line":43,"column":8}},"7":{"start":{"line":45,"column":12},"end":{"line":47,"column":1}},"8":{"start":{"line":46,"column":2},"end":{"line":46,"column":31}},"9":{"start":{"line":49,"column":0},"end":{"line":55,"column":1}},"10":{"start":{"line":50,"column":16},"end":{"line":50,"column":37}},"11":{"start":{"line":51,"column":2},"end":{"line":51,"column":19}},"12":{"start":{"line":52,"column":14},"end":{"line":52,"column":38}},"13":{"start":{"line":53,"column":2},"end":{"line":53,"column":25}},"14":{"start":{"line":54,"column":2},"end":{"line":54,"column":54}}},"fnMap":{"0":{"name":"(anonymous_0)","decl":{"start":{"line":45,"column":12},"end":{"line":45,"column":13}},"loc":{"start":{"line":45,"column":21},"end":{"line":47,"column":1}},"line":45},"1":{"name":"(anonymous_1)","decl":{"start":{"line":49,"column":18},"end":{"line":49,"column":19}},"loc":{"start":{"line":49,"column":28},"end":{"line":55,"column":1}},"line":49}},"branchMap":{},"s":{"0":1,"1":1,"2":1,"3":1,"4":1,"5":1,"6":1,"7":1,"8":0,"9":1,"10":0,"11":0,"12":0,"13":0,"14":0},"f":{"0":0,"1":0},"b":{},"_coverageSchema":"43e27e138ebf9cfc5966b082cf9a028302ed4184","hash":"13f20a00696a5b8ce9189f6fa40dd05d24f30bce"}
,"/Users/yogiwisesa/Documents/dev/node-todo/src/AddTask.js": {"path":"/Users/yogiwisesa/Documents/dev/node-todo/src/AddTask.js","statementMap":{"0":{"start":{"line":1,"column":0},"end":{"line":10,"column":1}},"1":{"start":{"line":2,"column":2},"end":{"line":5,"column":4}},"2":{"start":{"line":7,"column":2},"end":{"line":9,"column":64}},"3":{"start":{"line":8,"column":16},"end":{"line":8,"column":71}},"4":{"start":{"line":9,"column":20},"end":{"line":9,"column":62}}},"fnMap":{"0":{"name":"(anonymous_0)","decl":{"start":{"line":1,"column":17},"end":{"line":1,"column":18}},"loc":{"start":{"line":1,"column":33},"end":{"line":10,"column":1}},"line":1},"1":{"name":"(anonymous_1)","decl":{"start":{"line":8,"column":10},"end":{"line":8,"column":11}},"loc":{"start":{"line":8,"column":16},"end":{"line":8,"column":71}},"line":8},"2":{"name":"(anonymous_2)","decl":{"start":{"line":9,"column":11},"end":{"line":9,"column":12}},"loc":{"start":{"line":9,"column":20},"end":{"line":9,"column":62}},"line":9}},"branchMap":{},"s":{"0":1,"1":1,"2":1,"3":0,"4":0},"f":{"0":1,"1":0,"2":0},"b":{},"_coverageSchema":"43e27e138ebf9cfc5966b082cf9a028302ed4184","hash":"2484033f1a3a8cf6a444cffb3b3db2420d3e5ff7"}
}
